2.1656 	WARNING 	We strongly recommend you activate the PTB sound engine in PsychoPy prefs as the preferred audio engine. Its timing is vastly superior. Your prefs are currently set to use ['sounddevice', 'PTB', 'pyo', 'pygame'] (in that order).
8.3809 	WARNING 	User requested fullscreen with size [1024  768], but screen is actually [1920, 1080]. Using actual size
10.4917 	EXP 	Created window1 = Window(allowGUI=True, allowStencil=False, autoLog=True, backendConf=UNKNOWN, bitsMode=UNKNOWN, blendMode='avg', bpc=(8, 8, 8), color=array([0, 0, 0]), colorSpace='rgb', depthBits=8, fullscr=<method-wrapper '__getattribute__' of attributeSetter object at 0x000001CA41ED8D60>, gamma=None, gammaErrorPolicy='raise', lms=UNKNOWN, monitor=<psychopy.monitors.calibTools.Monitor object at 0x000001CA423E6340>, multiSample=False, name='window1', numSamples=2, pos=(0, 0), screen=0, size=array([1920, 1080]), stencilBits=0, stereo=False, units='height', useFBO=True, useRetina=False, viewOri=0.0, viewPos=None, viewScale=None, waitBlanking=True, winType='pyglet')
10.4919 	EXP 	window1: mouseVisible = True
10.4920 	EXP 	window1: mouseVisible = False
10.4920 	EXP 	window1: Attempting to measure frame rate of screen (0) ...
10.4921 	EXP 	window1: recordFrameIntervals = False
10.6571 	EXP 	window1: recordFrameIntervals = True
10.8406 	EXP 	Screen (0) actual frame rate measured at 60.15Hz
10.8406 	EXP 	window1: recordFrameIntervals = False
13.1250 	EXP 	Created fixation = ShapeStim(__class__=<class 'psychopy.visual.shape.ShapeStim'>, anchor=('center', 'center'), autoDraw=False, autoLog=True, closeShape=True, color=method-wrapper(...), colorSpace='rgb', contrast=None, depth=-1.0, fillColor=array([1, 1, 1]), fillColorSpace='rgb', fillRGB=array([1, 1, 1]), interpolate=True, lineColor=array([1, 1, 1]), lineColorSpace='rgb', lineRGB=array([1, 1, 1]), lineWidth=1.0, name='fixation', opacity=1.0, ori=0.0, pos=array([0., 0.]), size=array([10., 10.]), units='pix', vertices=ndarray(...), win=Window(...), windingRule=None)
13.1428 	EXP 	Created grating = GratingStim(__class__=<class 'psychopy.visual.grating.GratingStim'>, anchor='center', autoDraw=False, autoLog=True, blendmode='avg', color=array([1, 1, 1]), colorSpace='rgb', contrast=1.0, depth=-2.0, interpolate=True, mask='circle', maskParams=None, name='grating', opacity=1.0, ori=0.0, phase=array([0., 0.]), pos=array([0., 0.]), rgbPedestal=array([0., 0., 0.]), sf=array([5., 5.]), size=array([0.1, 0.1]), tex='sin', texRes=128.0, units='height', win=Window(...))
13.1510 	EXP 	Imported C:/Users/Sandeep/Desktop/lab in psychology/conditions.xlsx as conditions, 1 conditions, 5 params
13.4111 	EXP 	window1: recordFrameIntervals = False
13.4137 	EXP 	window1: recordFrameIntervals = False
14.4544 	EXP 	fixation: autoDraw = True
15.2210 	EXP 	grating: autoDraw = True
15.2210 	EXP 	grating: tex = 'sin'
15.4569 	EXP 	fixation: autoDraw = False
15.5232 	EXP 	grating: autoDraw = False
16.0092 	EXP 	window1: recordFrameIntervals = False
16.0114 	DATA 	Keypress: left
16.0230 	EXP 	fixation: autoDraw = False
16.0230 	EXP 	grating: autoDraw = False
16.0233 	EXP 	window1: recordFrameIntervals = False
16.9975 	EXP 	fixation: autoDraw = True
18.0063 	EXP 	fixation: autoDraw = False
18.0228 	EXP 	grating: autoDraw = True
18.0228 	EXP 	grating: tex = 'sin'
18.3230 	EXP 	grating: autoDraw = False
18.3418 	EXP 	window1: recordFrameIntervals = False
18.3431 	DATA 	Keypress: right
18.3562 	EXP 	fixation: autoDraw = False
18.3562 	EXP 	grating: autoDraw = False
18.3564 	EXP 	window1: recordFrameIntervals = False
19.3302 	EXP 	fixation: autoDraw = True
20.3392 	EXP 	fixation: autoDraw = False
20.3561 	EXP 	grating: autoDraw = True
20.3561 	EXP 	grating: tex = 'sin'
20.6560 	EXP 	grating: autoDraw = False
20.7583 	EXP 	window1: recordFrameIntervals = False
20.7595 	DATA 	Keypress: right
20.7725 	EXP 	fixation: autoDraw = False
20.7725 	EXP 	grating: autoDraw = False
20.7728 	EXP 	window1: recordFrameIntervals = False
21.7468 	EXP 	fixation: autoDraw = True
22.7557 	EXP 	fixation: autoDraw = False
22.7726 	EXP 	grating: autoDraw = True
22.7726 	EXP 	grating: tex = 'sin'
23.0719 	EXP 	grating: autoDraw = False
23.0737 	EXP 	window1: recordFrameIntervals = False
23.0748 	DATA 	Keypress: left
23.0890 	EXP 	fixation: autoDraw = False
23.0890 	EXP 	grating: autoDraw = False
23.0891 	EXP 	window1: recordFrameIntervals = False
24.0618 	EXP 	fixation: autoDraw = True
25.0720 	EXP 	fixation: autoDraw = False
25.0889 	EXP 	grating: autoDraw = True
25.0889 	EXP 	grating: tex = 'sin'
25.3890 	EXP 	grating: autoDraw = False
25.4245 	EXP 	window1: recordFrameIntervals = False
25.4255 	DATA 	Keypress: left
25.4387 	EXP 	fixation: autoDraw = False
25.4387 	EXP 	grating: autoDraw = False
25.4389 	EXP 	window1: recordFrameIntervals = False
26.4127 	EXP 	fixation: autoDraw = True
27.4218 	EXP 	fixation: autoDraw = False
27.4386 	EXP 	grating: autoDraw = True
27.4386 	EXP 	grating: tex = 'sin'
27.7383 	EXP 	grating: autoDraw = False
27.7452 	EXP 	window1: recordFrameIntervals = False
27.7460 	DATA 	Keypress: left
27.7550 	EXP 	fixation: autoDraw = False
27.7550 	EXP 	grating: autoDraw = False
27.7552 	EXP 	window1: recordFrameIntervals = False
28.7341 	EXP 	fixation: autoDraw = True
29.7381 	EXP 	fixation: autoDraw = False
29.7549 	EXP 	grating: autoDraw = True
29.7549 	EXP 	grating: tex = 'sin'
30.0548 	EXP 	grating: autoDraw = False
30.1231 	EXP 	window1: recordFrameIntervals = False
30.1241 	DATA 	Keypress: right
30.1380 	EXP 	fixation: autoDraw = False
30.1380 	EXP 	grating: autoDraw = False
30.1382 	EXP 	window1: recordFrameIntervals = False
31.1117 	EXP 	fixation: autoDraw = True
32.1212 	EXP 	fixation: autoDraw = False
32.1380 	EXP 	grating: autoDraw = True
32.1380 	EXP 	grating: tex = 'sin'
32.4084 	DATA 	Keypress: left
32.4241 	EXP 	window1: recordFrameIntervals = False
32.4379 	EXP 	grating: autoDraw = False
32.4379 	EXP 	fixation: autoDraw = False
32.4379 	EXP 	grating: autoDraw = False
32.4382 	EXP 	window1: recordFrameIntervals = False
33.4130 	EXP 	fixation: autoDraw = True
34.4207 	EXP 	fixation: autoDraw = False
34.4374 	EXP 	grating: autoDraw = True
34.4374 	EXP 	grating: tex = 'sin'
34.7373 	EXP 	grating: autoDraw = False
34.8067 	EXP 	window1: recordFrameIntervals = False
34.8080 	DATA 	Keypress: left
34.8208 	EXP 	fixation: autoDraw = False
34.8208 	EXP 	grating: autoDraw = False
34.8211 	EXP 	window1: recordFrameIntervals = False
35.7947 	EXP 	fixation: autoDraw = True
36.8040 	EXP 	fixation: autoDraw = False
36.8205 	EXP 	grating: autoDraw = True
36.8205 	EXP 	grating: tex = 'sin'
37.1203 	EXP 	grating: autoDraw = False
37.2229 	EXP 	window1: recordFrameIntervals = False
37.2242 	DATA 	Keypress: left
37.2372 	EXP 	fixation: autoDraw = False
37.2372 	EXP 	grating: autoDraw = False
37.2374 	EXP 	window1: recordFrameIntervals = False
38.2111 	EXP 	fixation: autoDraw = True
39.2205 	EXP 	fixation: autoDraw = False
39.2372 	EXP 	grating: autoDraw = True
39.2372 	EXP 	grating: tex = 'sin'
39.5368 	EXP 	grating: autoDraw = False
39.5904 	EXP 	window1: recordFrameIntervals = False
39.5915 	DATA 	Keypress: right
39.6038 	EXP 	fixation: autoDraw = False
39.6038 	EXP 	grating: autoDraw = False
39.6041 	EXP 	window1: recordFrameIntervals = False
40.5789 	EXP 	fixation: autoDraw = True
41.5866 	EXP 	fixation: autoDraw = False
41.6034 	EXP 	grating: autoDraw = True
41.6034 	EXP 	grating: tex = 'sin'
41.8725 	EXP 	window1: recordFrameIntervals = False
41.8740 	DATA 	Keypress: left
41.8867 	EXP 	fixation: autoDraw = False
41.8867 	EXP 	grating: autoDraw = False
41.8870 	EXP 	window1: recordFrameIntervals = False
42.8616 	EXP 	fixation: autoDraw = True
43.8696 	EXP 	fixation: autoDraw = False
43.8866 	EXP 	grating: autoDraw = True
43.8866 	EXP 	grating: tex = 'sin'
44.1864 	EXP 	grating: autoDraw = False
44.2054 	EXP 	window1: recordFrameIntervals = False
44.2069 	DATA 	Keypress: right
44.2194 	EXP 	fixation: autoDraw = False
44.2194 	EXP 	grating: autoDraw = False
44.2197 	EXP 	window1: recordFrameIntervals = False
45.1936 	EXP 	fixation: autoDraw = True
46.2029 	EXP 	fixation: autoDraw = False
46.2196 	EXP 	grating: autoDraw = True
46.2196 	EXP 	grating: tex = 'sin'
46.5192 	EXP 	grating: autoDraw = False
46.6717 	EXP 	window1: recordFrameIntervals = False
46.6731 	DATA 	Keypress: right
46.6861 	EXP 	fixation: autoDraw = False
46.6861 	EXP 	grating: autoDraw = False
46.6863 	EXP 	window1: recordFrameIntervals = False
47.6606 	EXP 	fixation: autoDraw = True
48.6691 	EXP 	fixation: autoDraw = False
48.6861 	EXP 	grating: autoDraw = True
48.6861 	EXP 	grating: tex = 'sin'
48.9855 	EXP 	grating: autoDraw = False
49.0712 	EXP 	window1: recordFrameIntervals = False
49.0723 	DATA 	Keypress: right
49.0854 	EXP 	fixation: autoDraw = False
49.0854 	EXP 	grating: autoDraw = False
49.0856 	EXP 	window1: recordFrameIntervals = False
50.0603 	EXP 	fixation: autoDraw = True
51.0686 	EXP 	fixation: autoDraw = False
51.0851 	EXP 	grating: autoDraw = True
51.0851 	EXP 	grating: tex = 'sin'
51.3854 	EXP 	grating: autoDraw = False
51.4213 	EXP 	window1: recordFrameIntervals = False
51.4228 	DATA 	Keypress: left
51.4354 	EXP 	fixation: autoDraw = False
51.4354 	EXP 	grating: autoDraw = False
51.4356 	EXP 	window1: recordFrameIntervals = False
52.2061 	DATA 	Keypress: right
52.4096 	EXP 	fixation: autoDraw = True
53.4185 	EXP 	fixation: autoDraw = False
53.4351 	EXP 	grating: autoDraw = True
53.4351 	EXP 	grating: tex = 'sin'
53.7350 	EXP 	grating: autoDraw = False
53.8042 	EXP 	window1: recordFrameIntervals = False
53.8051 	DATA 	Keypress: left
53.8184 	EXP 	fixation: autoDraw = False
53.8184 	EXP 	grating: autoDraw = False
53.8187 	EXP 	window1: recordFrameIntervals = False
54.7929 	EXP 	fixation: autoDraw = True
55.8016 	EXP 	fixation: autoDraw = False
55.8180 	EXP 	grating: autoDraw = True
55.8180 	EXP 	grating: tex = 'sin'
56.1180 	EXP 	grating: autoDraw = False
56.1535 	EXP 	window1: recordFrameIntervals = False
56.1547 	DATA 	Keypress: left
56.1680 	EXP 	fixation: autoDraw = False
56.1680 	EXP 	grating: autoDraw = False
56.1683 	EXP 	window1: recordFrameIntervals = False
57.1407 	EXP 	fixation: autoDraw = True
58.1511 	EXP 	fixation: autoDraw = False
58.1680 	EXP 	grating: autoDraw = True
58.1680 	EXP 	grating: tex = 'sin'
58.4678 	EXP 	grating: autoDraw = False
58.6215 	EXP 	window1: recordFrameIntervals = False
58.6228 	DATA 	Keypress: right
58.6346 	EXP 	fixation: autoDraw = False
58.6346 	EXP 	grating: autoDraw = False
58.6348 	EXP 	window1: recordFrameIntervals = False
59.6098 	EXP 	fixation: autoDraw = True
60.6176 	EXP 	fixation: autoDraw = False
60.6342 	EXP 	grating: autoDraw = True
60.6342 	EXP 	grating: tex = 'sin'
60.9340 	EXP 	grating: autoDraw = False
60.9691 	EXP 	window1: recordFrameIntervals = False
60.9703 	DATA 	Keypress: left
60.9840 	EXP 	fixation: autoDraw = False
60.9840 	EXP 	grating: autoDraw = False
60.9842 	EXP 	window1: recordFrameIntervals = False
61.9568 	EXP 	fixation: autoDraw = True
62.9672 	EXP 	fixation: autoDraw = False
62.9840 	EXP 	grating: autoDraw = True
62.9840 	EXP 	grating: tex = 'sin'
63.2836 	EXP 	grating: autoDraw = False
63.4522 	EXP 	window1: recordFrameIntervals = False
63.4531 	DATA 	Keypress: left
63.4668 	EXP 	fixation: autoDraw = False
63.4668 	EXP 	grating: autoDraw = False
63.4671 	EXP 	window1: recordFrameIntervals = False
64.4407 	EXP 	fixation: autoDraw = True
65.4502 	EXP 	fixation: autoDraw = False
65.4670 	EXP 	grating: autoDraw = True
65.4670 	EXP 	grating: tex = 'sin'
65.7669 	EXP 	grating: autoDraw = False
65.9201 	EXP 	window1: recordFrameIntervals = False
65.9214 	DATA 	Keypress: right
65.9334 	EXP 	fixation: autoDraw = False
65.9334 	EXP 	grating: autoDraw = False
65.9338 	EXP 	window1: recordFrameIntervals = False
66.9080 	EXP 	fixation: autoDraw = True
67.9166 	EXP 	fixation: autoDraw = False
67.9336 	EXP 	grating: autoDraw = True
67.9336 	EXP 	grating: tex = 'sin'
68.2333 	EXP 	grating: autoDraw = False
68.4022 	EXP 	window1: recordFrameIntervals = False
68.4036 	DATA 	Keypress: right
68.4167 	EXP 	fixation: autoDraw = False
68.4167 	EXP 	grating: autoDraw = False
68.4170 	EXP 	window1: recordFrameIntervals = False
69.3903 	EXP 	fixation: autoDraw = True
70.3995 	EXP 	fixation: autoDraw = False
70.4162 	EXP 	grating: autoDraw = True
70.4162 	EXP 	grating: tex = 'sin'
70.7166 	EXP 	grating: autoDraw = False
70.7681 	EXP 	window1: recordFrameIntervals = False
70.7690 	DATA 	Keypress: right
70.7825 	EXP 	fixation: autoDraw = False
70.7825 	EXP 	grating: autoDraw = False
70.7828 	EXP 	window1: recordFrameIntervals = False
71.7559 	EXP 	fixation: autoDraw = True
72.7658 	EXP 	fixation: autoDraw = False
72.7826 	EXP 	grating: autoDraw = True
72.7826 	EXP 	grating: tex = 'sin'
73.0825 	EXP 	grating: autoDraw = False
73.5675 	EXP 	window1: recordFrameIntervals = False
73.5683 	DATA 	Keypress: right
73.5827 	EXP 	fixation: autoDraw = False
73.5827 	EXP 	grating: autoDraw = False
73.5830 	EXP 	window1: recordFrameIntervals = False
74.5551 	EXP 	fixation: autoDraw = True
75.5655 	EXP 	fixation: autoDraw = False
75.5820 	EXP 	grating: autoDraw = True
75.5820 	EXP 	grating: tex = 'sin'
75.8824 	EXP 	grating: autoDraw = False
75.9498 	EXP 	window1: recordFrameIntervals = False
75.9506 	DATA 	Keypress: left
75.9654 	EXP 	fixation: autoDraw = False
75.9654 	EXP 	grating: autoDraw = False
75.9657 	EXP 	window1: recordFrameIntervals = False
76.9384 	EXP 	fixation: autoDraw = True
77.9485 	EXP 	fixation: autoDraw = False
77.9654 	EXP 	grating: autoDraw = True
77.9654 	EXP 	grating: tex = 'sin'
78.2653 	EXP 	grating: autoDraw = False
78.4005 	EXP 	window1: recordFrameIntervals = False
78.4014 	DATA 	Keypress: left
78.4151 	EXP 	fixation: autoDraw = False
78.4151 	EXP 	grating: autoDraw = False
78.4155 	EXP 	window1: recordFrameIntervals = False
79.3894 	EXP 	fixation: autoDraw = True
80.3982 	EXP 	fixation: autoDraw = False
80.4147 	EXP 	grating: autoDraw = True
80.4147 	EXP 	grating: tex = 'sin'
80.7145 	EXP 	grating: autoDraw = False
80.8832 	EXP 	window1: recordFrameIntervals = False
80.8840 	DATA 	Keypress: right
80.8982 	EXP 	fixation: autoDraw = False
80.8982 	EXP 	grating: autoDraw = False
80.8985 	EXP 	window1: recordFrameIntervals = False
81.8719 	EXP 	fixation: autoDraw = True
82.8813 	EXP 	fixation: autoDraw = False
82.8979 	EXP 	grating: autoDraw = True
82.8979 	EXP 	grating: tex = 'sin'
83.1978 	EXP 	grating: autoDraw = False
83.3666 	EXP 	window1: recordFrameIntervals = False
83.3673 	DATA 	Keypress: left
83.3811 	EXP 	fixation: autoDraw = False
83.3811 	EXP 	grating: autoDraw = False
83.3814 	EXP 	window1: recordFrameIntervals = False
84.3550 	EXP 	fixation: autoDraw = True
85.3641 	EXP 	fixation: autoDraw = False
85.3807 	EXP 	grating: autoDraw = True
85.3807 	EXP 	grating: tex = 'sin'
85.6806 	EXP 	grating: autoDraw = False
85.7164 	EXP 	window1: recordFrameIntervals = False
85.7171 	DATA 	Keypress: left
85.7307 	EXP 	fixation: autoDraw = False
85.7307 	EXP 	grating: autoDraw = False
85.7309 	EXP 	window1: recordFrameIntervals = False
86.7067 	EXP 	fixation: autoDraw = True
87.0822 	DATA 	Keypress: right
87.7138 	EXP 	fixation: autoDraw = False
87.7306 	EXP 	grating: autoDraw = True
87.7306 	EXP 	grating: tex = 'sin'
88.0306 	EXP 	grating: autoDraw = False
88.0328 	EXP 	window1: recordFrameIntervals = False
88.0339 	DATA 	Keypress: left
88.0471 	EXP 	fixation: autoDraw = False
88.0471 	EXP 	grating: autoDraw = False
88.0472 	EXP 	window1: recordFrameIntervals = False
89.0214 	EXP 	fixation: autoDraw = True
90.0302 	EXP 	fixation: autoDraw = False
90.0471 	EXP 	grating: autoDraw = True
90.0471 	EXP 	grating: tex = 'sin'
90.3472 	EXP 	grating: autoDraw = False
90.5660 	EXP 	window1: recordFrameIntervals = False
90.5669 	DATA 	Keypress: left
90.5802 	EXP 	fixation: autoDraw = False
90.5802 	EXP 	grating: autoDraw = False
90.5804 	EXP 	window1: recordFrameIntervals = False
91.5553 	EXP 	fixation: autoDraw = True
92.5629 	EXP 	fixation: autoDraw = False
92.5798 	EXP 	grating: autoDraw = True
92.5798 	EXP 	grating: tex = 'sin'
92.8482 	EXP 	window1: recordFrameIntervals = False
92.8489 	DATA 	Keypress: right
92.8636 	EXP 	fixation: autoDraw = False
92.8636 	EXP 	grating: autoDraw = False
92.8638 	EXP 	window1: recordFrameIntervals = False
93.8363 	EXP 	fixation: autoDraw = True
94.8463 	EXP 	fixation: autoDraw = False
94.8634 	EXP 	grating: autoDraw = True
94.8634 	EXP 	grating: tex = 'sin'
95.1633 	EXP 	grating: autoDraw = False
95.1822 	EXP 	window1: recordFrameIntervals = False
95.1830 	DATA 	Keypress: right
95.1965 	EXP 	fixation: autoDraw = False
95.1965 	EXP 	grating: autoDraw = False
95.1967 	EXP 	window1: recordFrameIntervals = False
96.1696 	EXP 	fixation: autoDraw = True
97.1791 	EXP 	fixation: autoDraw = False
97.1957 	EXP 	grating: autoDraw = True
97.1957 	EXP 	grating: tex = 'sin'
97.4956 	EXP 	grating: autoDraw = False
97.5966 	EXP 	window1: recordFrameIntervals = False
97.5972 	DATA 	Keypress: left
97.6123 	EXP 	fixation: autoDraw = False
97.6123 	EXP 	grating: autoDraw = False
97.6124 	EXP 	window1: recordFrameIntervals = False
98.5865 	EXP 	fixation: autoDraw = True
99.5958 	EXP 	fixation: autoDraw = False
99.5958 	EXP 	grating: autoDraw = True
99.5958 	EXP 	grating: tex = 'sin'
99.8963 	EXP 	grating: autoDraw = False
100.0306 	EXP 	window1: recordFrameIntervals = False
100.0313 	DATA 	Keypress: right
100.0461 	EXP 	fixation: autoDraw = False
100.0461 	EXP 	grating: autoDraw = False
100.0463 	EXP 	window1: recordFrameIntervals = False
101.0187 	EXP 	fixation: autoDraw = True
102.0292 	EXP 	fixation: autoDraw = False
102.0292 	EXP 	grating: autoDraw = True
102.0292 	EXP 	grating: tex = 'sin'
102.3286 	EXP 	grating: autoDraw = False
102.3637 	EXP 	window1: recordFrameIntervals = False
102.3647 	DATA 	Keypress: left
102.3787 	EXP 	fixation: autoDraw = False
102.3787 	EXP 	grating: autoDraw = False
102.3790 	EXP 	window1: recordFrameIntervals = False
103.3532 	EXP 	fixation: autoDraw = True
104.3615 	EXP 	fixation: autoDraw = False
104.3786 	EXP 	grating: autoDraw = True
104.3786 	EXP 	grating: tex = 'sin'
104.6781 	EXP 	grating: autoDraw = False
104.7639 	EXP 	window1: recordFrameIntervals = False
104.7650 	DATA 	Keypress: right
104.7786 	EXP 	fixation: autoDraw = False
104.7786 	EXP 	grating: autoDraw = False
104.7788 	EXP 	window1: recordFrameIntervals = False
105.7530 	EXP 	fixation: autoDraw = True
106.7613 	EXP 	fixation: autoDraw = False
106.7780 	EXP 	grating: autoDraw = True
106.7780 	EXP 	grating: tex = 'sin'
107.0291 	EXP 	window1: recordFrameIntervals = False
107.0297 	DATA 	Keypress: left
107.0447 	EXP 	fixation: autoDraw = False
107.0447 	EXP 	grating: autoDraw = False
107.0448 	EXP 	window1: recordFrameIntervals = False
108.0177 	EXP 	fixation: autoDraw = True
109.0276 	EXP 	fixation: autoDraw = False
109.0443 	EXP 	grating: autoDraw = True
109.0443 	EXP 	grating: tex = 'sin'
109.3443 	EXP 	grating: autoDraw = False
109.4791 	EXP 	window1: recordFrameIntervals = False
109.4796 	DATA 	Keypress: right
109.4947 	EXP 	fixation: autoDraw = False
109.4947 	EXP 	grating: autoDraw = False
109.4949 	EXP 	window1: recordFrameIntervals = False
110.4677 	EXP 	fixation: autoDraw = True
111.4774 	EXP 	fixation: autoDraw = False
111.4942 	EXP 	grating: autoDraw = True
111.4942 	EXP 	grating: tex = 'sin'
111.7939 	EXP 	grating: autoDraw = False
111.8452 	EXP 	window1: recordFrameIntervals = False
111.8457 	DATA 	Keypress: left
111.8605 	EXP 	fixation: autoDraw = False
111.8605 	EXP 	grating: autoDraw = False
111.8606 	EXP 	window1: recordFrameIntervals = False
112.8334 	EXP 	fixation: autoDraw = True
113.8439 	EXP 	fixation: autoDraw = False
113.8603 	EXP 	grating: autoDraw = True
113.8603 	EXP 	grating: tex = 'sin'
114.1605 	EXP 	grating: autoDraw = False
114.2780 	EXP 	window1: recordFrameIntervals = False
114.2785 	DATA 	Keypress: left
114.2938 	EXP 	fixation: autoDraw = False
114.2938 	EXP 	grating: autoDraw = False
114.2940 	EXP 	window1: recordFrameIntervals = False
115.2663 	EXP 	fixation: autoDraw = True
116.2771 	EXP 	fixation: autoDraw = False
116.2771 	EXP 	grating: autoDraw = True
116.2771 	EXP 	grating: tex = 'sin'
116.5768 	EXP 	grating: autoDraw = False
116.5783 	EXP 	window1: recordFrameIntervals = False
116.5789 	DATA 	Keypress: right
116.5934 	EXP 	fixation: autoDraw = False
116.5934 	EXP 	grating: autoDraw = False
116.5935 	EXP 	window1: recordFrameIntervals = False
117.5674 	EXP 	fixation: autoDraw = True
118.5764 	EXP 	fixation: autoDraw = False
118.5932 	EXP 	grating: autoDraw = True
118.5932 	EXP 	grating: tex = 'sin'
118.8777 	EXP 	window1: recordFrameIntervals = False
118.8786 	DATA 	Keypress: left
118.8933 	EXP 	grating: autoDraw = False
118.8933 	EXP 	fixation: autoDraw = False
118.8933 	EXP 	grating: autoDraw = False
118.8936 	EXP 	window1: recordFrameIntervals = False
119.8657 	EXP 	fixation: autoDraw = True
120.8763 	EXP 	fixation: autoDraw = False
120.8763 	EXP 	grating: autoDraw = True
120.8763 	EXP 	grating: tex = 'sin'
121.1761 	EXP 	grating: autoDraw = False
121.2772 	EXP 	window1: recordFrameIntervals = False
121.2780 	DATA 	Keypress: left
121.2929 	EXP 	fixation: autoDraw = False
121.2929 	EXP 	grating: autoDraw = False
121.2930 	EXP 	window1: recordFrameIntervals = False
122.2673 	EXP 	fixation: autoDraw = True
123.2762 	EXP 	fixation: autoDraw = False
123.2762 	EXP 	grating: autoDraw = True
123.2762 	EXP 	grating: tex = 'sin'
123.5760 	EXP 	grating: autoDraw = False
123.6774 	EXP 	window1: recordFrameIntervals = False
123.6781 	DATA 	Keypress: left
123.6926 	EXP 	fixation: autoDraw = False
123.6926 	EXP 	grating: autoDraw = False
123.6927 	EXP 	window1: recordFrameIntervals = False
124.6664 	EXP 	fixation: autoDraw = True
125.6757 	EXP 	fixation: autoDraw = False
125.6925 	EXP 	grating: autoDraw = True
125.6925 	EXP 	grating: tex = 'sin'
125.9922 	EXP 	grating: autoDraw = False
126.0618 	EXP 	window1: recordFrameIntervals = False
126.0631 	DATA 	Keypress: left
126.0758 	EXP 	fixation: autoDraw = False
126.0758 	EXP 	grating: autoDraw = False
126.0760 	EXP 	window1: recordFrameIntervals = False
127.0507 	EXP 	fixation: autoDraw = True
128.0587 	EXP 	fixation: autoDraw = False
128.0755 	EXP 	grating: autoDraw = True
128.0755 	EXP 	grating: tex = 'sin'
128.3751 	EXP 	grating: autoDraw = False
128.5099 	EXP 	window1: recordFrameIntervals = False
128.5106 	DATA 	Keypress: right
128.5253 	EXP 	fixation: autoDraw = False
128.5253 	EXP 	grating: autoDraw = False
128.5254 	EXP 	window1: recordFrameIntervals = False
129.5195 	EXP 	fixation: autoDraw = True
130.5084 	EXP 	grating: autoDraw = True
130.5084 	EXP 	grating: tex = 'sin'
130.5251 	EXP 	fixation: autoDraw = False
130.8083 	EXP 	grating: autoDraw = False
130.9097 	EXP 	window1: recordFrameIntervals = False
130.9103 	DATA 	Keypress: right
130.9250 	EXP 	fixation: autoDraw = False
130.9250 	EXP 	grating: autoDraw = False
130.9251 	EXP 	window1: recordFrameIntervals = False
131.8974 	EXP 	fixation: autoDraw = True
132.9078 	EXP 	fixation: autoDraw = False
132.9245 	EXP 	grating: autoDraw = True
132.9245 	EXP 	grating: tex = 'sin'
133.2250 	EXP 	grating: autoDraw = False
133.3255 	EXP 	window1: recordFrameIntervals = False
133.3262 	DATA 	Keypress: left
133.3412 	EXP 	fixation: autoDraw = False
133.3412 	EXP 	grating: autoDraw = False
133.3414 	EXP 	window1: recordFrameIntervals = False
134.3133 	EXP 	fixation: autoDraw = True
135.3245 	EXP 	fixation: autoDraw = False
135.3245 	EXP 	grating: autoDraw = True
135.3245 	EXP 	grating: tex = 'sin'
135.6242 	EXP 	grating: autoDraw = False
135.6923 	EXP 	window1: recordFrameIntervals = False
135.6930 	DATA 	Keypress: left
135.7078 	EXP 	fixation: autoDraw = False
135.7078 	EXP 	grating: autoDraw = False
135.7079 	EXP 	window1: recordFrameIntervals = False
136.6805 	EXP 	fixation: autoDraw = True
137.6906 	EXP 	fixation: autoDraw = False
137.7074 	EXP 	grating: autoDraw = True
137.7074 	EXP 	grating: tex = 'sin'
138.0074 	EXP 	grating: autoDraw = False
138.1250 	EXP 	window1: recordFrameIntervals = False
138.1256 	DATA 	Keypress: right
138.1411 	EXP 	fixation: autoDraw = False
138.1411 	EXP 	grating: autoDraw = False
138.1412 	EXP 	window1: recordFrameIntervals = False
139.1145 	EXP 	fixation: autoDraw = True
140.1240 	EXP 	fixation: autoDraw = False
140.1240 	EXP 	grating: autoDraw = True
140.1240 	EXP 	grating: tex = 'sin'
140.4241 	EXP 	grating: autoDraw = False
140.5250 	EXP 	window1: recordFrameIntervals = False
140.5260 	DATA 	Keypress: left
140.5405 	EXP 	fixation: autoDraw = False
140.5405 	EXP 	grating: autoDraw = False
140.5407 	EXP 	window1: recordFrameIntervals = False
141.5143 	EXP 	fixation: autoDraw = True
142.5235 	EXP 	fixation: autoDraw = False
142.5235 	EXP 	grating: autoDraw = True
142.5235 	EXP 	grating: tex = 'sin'
142.8239 	EXP 	grating: autoDraw = False
142.8748 	EXP 	window1: recordFrameIntervals = False
142.8760 	DATA 	Keypress: left
142.8906 	EXP 	fixation: autoDraw = False
142.8906 	EXP 	grating: autoDraw = False
142.8908 	EXP 	window1: recordFrameIntervals = False
143.8633 	EXP 	fixation: autoDraw = True
144.8730 	EXP 	fixation: autoDraw = False
144.8897 	EXP 	grating: autoDraw = True
144.8897 	EXP 	grating: tex = 'sin'
145.1899 	EXP 	grating: autoDraw = False
145.3907 	EXP 	window1: recordFrameIntervals = False
145.3913 	DATA 	Keypress: left
145.4064 	EXP 	fixation: autoDraw = False
145.4064 	EXP 	grating: autoDraw = False
145.4065 	EXP 	window1: recordFrameIntervals = False
146.3787 	EXP 	fixation: autoDraw = True
147.3899 	EXP 	fixation: autoDraw = False
147.3899 	EXP 	grating: autoDraw = True
147.3899 	EXP 	grating: tex = 'sin'
147.6901 	EXP 	grating: autoDraw = False
147.8249 	EXP 	window1: recordFrameIntervals = False
147.8257 	DATA 	Keypress: right
147.8397 	EXP 	fixation: autoDraw = False
147.8397 	EXP 	grating: autoDraw = False
147.8401 	EXP 	window1: recordFrameIntervals = False
148.8146 	EXP 	fixation: autoDraw = True
149.8229 	EXP 	fixation: autoDraw = False
149.8395 	EXP 	grating: autoDraw = True
149.8395 	EXP 	grating: tex = 'sin'
150.1394 	EXP 	grating: autoDraw = False
150.2420 	EXP 	window1: recordFrameIntervals = False
150.2434 	DATA 	Keypress: right
150.2561 	EXP 	fixation: autoDraw = False
150.2561 	EXP 	grating: autoDraw = False
150.2563 	EXP 	window1: recordFrameIntervals = False
151.2317 	EXP 	fixation: autoDraw = True
152.2392 	EXP 	fixation: autoDraw = False
152.2559 	EXP 	grating: autoDraw = True
152.2559 	EXP 	grating: tex = 'sin'
152.5560 	EXP 	grating: autoDraw = False
152.6750 	EXP 	window1: recordFrameIntervals = False
152.6764 	DATA 	Keypress: right
152.6892 	EXP 	fixation: autoDraw = False
152.6892 	EXP 	grating: autoDraw = False
152.6894 	EXP 	window1: recordFrameIntervals = False
153.6635 	EXP 	fixation: autoDraw = True
154.6721 	EXP 	fixation: autoDraw = False
154.6890 	EXP 	grating: autoDraw = True
154.6890 	EXP 	grating: tex = 'sin'
154.9890 	EXP 	grating: autoDraw = False
155.1061 	EXP 	window1: recordFrameIntervals = False
155.1067 	DATA 	Keypress: right
155.1222 	EXP 	fixation: autoDraw = False
155.1222 	EXP 	grating: autoDraw = False
155.1223 	EXP 	window1: recordFrameIntervals = False
156.0949 	EXP 	fixation: autoDraw = True
157.1053 	EXP 	fixation: autoDraw = False
157.1053 	EXP 	grating: autoDraw = True
157.1053 	EXP 	grating: tex = 'sin'
157.4052 	EXP 	grating: autoDraw = False
157.5748 	EXP 	window1: recordFrameIntervals = False
157.5762 	DATA 	Keypress: left
157.5884 	EXP 	fixation: autoDraw = False
157.5884 	EXP 	grating: autoDraw = False
157.5887 	EXP 	window1: recordFrameIntervals = False
158.5633 	EXP 	fixation: autoDraw = True
159.5711 	EXP 	fixation: autoDraw = False
159.5882 	EXP 	grating: autoDraw = True
159.5882 	EXP 	grating: tex = 'sin'
159.8880 	EXP 	grating: autoDraw = False
159.9729 	EXP 	window1: recordFrameIntervals = False
159.9738 	DATA 	Keypress: right
159.9880 	EXP 	fixation: autoDraw = False
159.9880 	EXP 	grating: autoDraw = False
159.9883 	EXP 	window1: recordFrameIntervals = False
160.9616 	EXP 	fixation: autoDraw = True
161.9709 	EXP 	fixation: autoDraw = False
161.9879 	EXP 	grating: autoDraw = True
161.9879 	EXP 	grating: tex = 'sin'
162.2878 	EXP 	grating: autoDraw = False
162.3561 	EXP 	window1: recordFrameIntervals = False
162.3568 	DATA 	Keypress: left
162.3710 	EXP 	fixation: autoDraw = False
162.3710 	EXP 	grating: autoDraw = False
162.3713 	EXP 	window1: recordFrameIntervals = False
163.3435 	EXP 	fixation: autoDraw = True
164.3542 	EXP 	fixation: autoDraw = False
164.3709 	EXP 	grating: autoDraw = True
164.3709 	EXP 	grating: tex = 'sin'
164.6706 	EXP 	grating: autoDraw = False
164.7392 	EXP 	window1: recordFrameIntervals = False
164.7400 	DATA 	Keypress: left
164.7538 	EXP 	fixation: autoDraw = False
164.7538 	EXP 	grating: autoDraw = False
164.7541 	EXP 	window1: recordFrameIntervals = False
165.7276 	EXP 	fixation: autoDraw = True
166.7374 	EXP 	fixation: autoDraw = False
166.7536 	EXP 	grating: autoDraw = True
166.7536 	EXP 	grating: tex = 'sin'
167.0537 	EXP 	grating: autoDraw = False
167.2716 	EXP 	window1: recordFrameIntervals = False
167.2723 	DATA 	Keypress: right
167.2868 	EXP 	fixation: autoDraw = False
167.2868 	EXP 	grating: autoDraw = False
167.2871 	EXP 	window1: recordFrameIntervals = False
168.2597 	EXP 	fixation: autoDraw = True
169.2701 	EXP 	fixation: autoDraw = False
169.2867 	EXP 	grating: autoDraw = True
169.2867 	EXP 	grating: tex = 'sin'
169.5869 	EXP 	grating: autoDraw = False
169.6383 	EXP 	window1: recordFrameIntervals = False
169.6391 	DATA 	Keypress: right
169.6532 	EXP 	fixation: autoDraw = False
169.6532 	EXP 	grating: autoDraw = False
169.6534 	EXP 	window1: recordFrameIntervals = False
170.6272 	EXP 	fixation: autoDraw = True
171.6364 	EXP 	fixation: autoDraw = False
171.6530 	EXP 	grating: autoDraw = True
171.6530 	EXP 	grating: tex = 'sin'
171.9530 	EXP 	grating: autoDraw = False
172.3569 	EXP 	window1: recordFrameIntervals = False
172.3586 	DATA 	Keypress: right
172.3700 	EXP 	fixation: autoDraw = False
172.3700 	EXP 	grating: autoDraw = False
172.3704 	EXP 	window1: recordFrameIntervals = False
173.3447 	EXP 	fixation: autoDraw = True
174.3530 	EXP 	fixation: autoDraw = False
174.3697 	EXP 	grating: autoDraw = True
174.3697 	EXP 	grating: tex = 'sin'
174.6696 	EXP 	grating: autoDraw = False
174.7721 	EXP 	window1: recordFrameIntervals = False
174.7733 	DATA 	Keypress: left
174.7864 	EXP 	fixation: autoDraw = False
174.7864 	EXP 	grating: autoDraw = False
174.7868 	EXP 	window1: recordFrameIntervals = False
175.7604 	EXP 	fixation: autoDraw = True
176.7690 	EXP 	fixation: autoDraw = False
176.7859 	EXP 	grating: autoDraw = True
176.7859 	EXP 	grating: tex = 'sin'
177.0857 	EXP 	grating: autoDraw = False
177.2876 	EXP 	window1: recordFrameIntervals = False
177.2883 	DATA 	Keypress: right
177.3022 	EXP 	fixation: autoDraw = False
177.3022 	EXP 	grating: autoDraw = False
177.3025 	EXP 	window1: recordFrameIntervals = False
178.2757 	EXP 	fixation: autoDraw = True
179.2857 	EXP 	fixation: autoDraw = False
179.3025 	EXP 	grating: autoDraw = True
179.3025 	EXP 	grating: tex = 'sin'
179.6024 	EXP 	grating: autoDraw = False
179.7384 	EXP 	window1: recordFrameIntervals = False
179.7398 	DATA 	Keypress: right
179.7523 	EXP 	fixation: autoDraw = False
179.7523 	EXP 	grating: autoDraw = False
179.7527 	EXP 	window1: recordFrameIntervals = False
180.7273 	EXP 	fixation: autoDraw = True
181.7352 	EXP 	fixation: autoDraw = False
181.7520 	EXP 	grating: autoDraw = True
181.7520 	EXP 	grating: tex = 'sin'
182.0518 	EXP 	grating: autoDraw = False
182.2209 	EXP 	window1: recordFrameIntervals = False
182.2217 	DATA 	Keypress: left
182.2349 	EXP 	fixation: autoDraw = False
182.2349 	EXP 	grating: autoDraw = False
182.2352 	EXP 	window1: recordFrameIntervals = False
183.2087 	EXP 	fixation: autoDraw = True
184.2186 	EXP 	fixation: autoDraw = False
184.2353 	EXP 	grating: autoDraw = True
184.2353 	EXP 	grating: tex = 'sin'
184.5350 	EXP 	grating: autoDraw = False
184.7369 	EXP 	window1: recordFrameIntervals = False
184.7377 	DATA 	Keypress: right
184.7513 	EXP 	fixation: autoDraw = False
184.7513 	EXP 	grating: autoDraw = False
184.7516 	EXP 	window1: recordFrameIntervals = False
185.7241 	EXP 	fixation: autoDraw = True
186.7345 	EXP 	fixation: autoDraw = False
186.7512 	EXP 	grating: autoDraw = True
186.7512 	EXP 	grating: tex = 'sin'
187.0511 	EXP 	grating: autoDraw = False
187.1696 	EXP 	window1: recordFrameIntervals = False
187.1704 	DATA 	Keypress: right
187.1843 	EXP 	fixation: autoDraw = False
187.1843 	EXP 	grating: autoDraw = False
187.1846 	EXP 	window1: recordFrameIntervals = False
188.1575 	EXP 	fixation: autoDraw = True
189.1674 	EXP 	fixation: autoDraw = False
189.1843 	EXP 	grating: autoDraw = True
189.1843 	EXP 	grating: tex = 'sin'
189.4843 	EXP 	grating: autoDraw = False
189.6195 	EXP 	window1: recordFrameIntervals = False
189.6203 	DATA 	Keypress: right
189.6341 	EXP 	fixation: autoDraw = False
189.6341 	EXP 	grating: autoDraw = False
189.6344 	EXP 	window1: recordFrameIntervals = False
190.6082 	EXP 	fixation: autoDraw = True
191.6173 	EXP 	fixation: autoDraw = False
191.6342 	EXP 	grating: autoDraw = True
191.6342 	EXP 	grating: tex = 'sin'
191.9340 	EXP 	grating: autoDraw = False
192.0025 	EXP 	window1: recordFrameIntervals = False
192.0034 	DATA 	Keypress: right
192.0172 	EXP 	fixation: autoDraw = False
192.0172 	EXP 	grating: autoDraw = False
192.0175 	EXP 	window1: recordFrameIntervals = False
192.9907 	EXP 	fixation: autoDraw = True
194.0004 	EXP 	fixation: autoDraw = False
194.0169 	EXP 	grating: autoDraw = True
194.0169 	EXP 	grating: tex = 'sin'
194.3168 	EXP 	grating: autoDraw = False
194.3852 	EXP 	window1: recordFrameIntervals = False
194.3859 	DATA 	Keypress: right
194.4003 	EXP 	fixation: autoDraw = False
194.4003 	EXP 	grating: autoDraw = False
194.4006 	EXP 	window1: recordFrameIntervals = False
195.3725 	EXP 	fixation: autoDraw = True
196.3835 	EXP 	fixation: autoDraw = False
196.4002 	EXP 	grating: autoDraw = True
196.4002 	EXP 	grating: tex = 'sin'
196.7002 	EXP 	grating: autoDraw = False
196.9365 	EXP 	window1: recordFrameIntervals = False
196.9380 	DATA 	Keypress: right
196.9502 	EXP 	fixation: autoDraw = False
196.9502 	EXP 	grating: autoDraw = False
196.9505 	EXP 	window1: recordFrameIntervals = False
197.9254 	EXP 	fixation: autoDraw = True
198.9332 	EXP 	fixation: autoDraw = False
198.9495 	EXP 	grating: autoDraw = True
198.9495 	EXP 	grating: tex = 'sin'
199.2497 	EXP 	grating: autoDraw = False
199.4505 	EXP 	window1: recordFrameIntervals = False
199.4512 	DATA 	Keypress: right
199.4661 	EXP 	fixation: autoDraw = False
199.4661 	EXP 	grating: autoDraw = False
199.4663 	EXP 	window1: recordFrameIntervals = False
200.4382 	EXP 	fixation: autoDraw = True
201.4495 	EXP 	fixation: autoDraw = False
201.4495 	EXP 	grating: autoDraw = True
201.4495 	EXP 	grating: tex = 'sin'
201.7491 	EXP 	grating: autoDraw = False
202.0364 	EXP 	window1: recordFrameIntervals = False
202.0378 	DATA 	Keypress: right
202.0494 	EXP 	fixation: autoDraw = False
202.0494 	EXP 	grating: autoDraw = False
202.0497 	EXP 	window1: recordFrameIntervals = False
203.0254 	EXP 	fixation: autoDraw = True
204.0323 	EXP 	fixation: autoDraw = False
204.0492 	EXP 	grating: autoDraw = True
204.0492 	EXP 	grating: tex = 'sin'
204.3493 	EXP 	grating: autoDraw = False
204.7840 	EXP 	window1: recordFrameIntervals = False
204.7849 	DATA 	Keypress: left
204.7988 	EXP 	fixation: autoDraw = False
204.7988 	EXP 	grating: autoDraw = False
204.7989 	EXP 	window1: recordFrameIntervals = False
205.7724 	EXP 	fixation: autoDraw = True
206.7819 	EXP 	fixation: autoDraw = False
206.7986 	EXP 	grating: autoDraw = True
206.7986 	EXP 	grating: tex = 'sin'
207.0989 	EXP 	grating: autoDraw = False
207.1856 	EXP 	window1: recordFrameIntervals = False
207.1869 	DATA 	Keypress: left
207.1985 	EXP 	fixation: autoDraw = False
207.1985 	EXP 	grating: autoDraw = False
207.1988 	EXP 	window1: recordFrameIntervals = False
208.1743 	EXP 	fixation: autoDraw = True
209.1817 	EXP 	fixation: autoDraw = False
209.1984 	EXP 	grating: autoDraw = True
209.1984 	EXP 	grating: tex = 'sin'
209.4983 	EXP 	grating: autoDraw = False
209.6510 	EXP 	window1: recordFrameIntervals = False
209.6524 	DATA 	Keypress: left
209.6652 	EXP 	fixation: autoDraw = False
209.6652 	EXP 	grating: autoDraw = False
209.6655 	EXP 	window1: recordFrameIntervals = False
210.6396 	EXP 	fixation: autoDraw = True
211.6479 	EXP 	fixation: autoDraw = False
211.6645 	EXP 	grating: autoDraw = True
211.6645 	EXP 	grating: tex = 'sin'
211.9646 	EXP 	grating: autoDraw = False
212.0835 	EXP 	window1: recordFrameIntervals = False
212.0843 	DATA 	Keypress: left
212.0978 	EXP 	fixation: autoDraw = False
212.0978 	EXP 	grating: autoDraw = False
212.0981 	EXP 	window1: recordFrameIntervals = False
213.0706 	EXP 	fixation: autoDraw = True
214.0812 	EXP 	fixation: autoDraw = False
214.0979 	EXP 	grating: autoDraw = True
214.0979 	EXP 	grating: tex = 'sin'
214.3978 	EXP 	grating: autoDraw = False
214.5665 	EXP 	window1: recordFrameIntervals = False
214.5673 	DATA 	Keypress: right
214.5814 	EXP 	fixation: autoDraw = False
214.5814 	EXP 	grating: autoDraw = False
214.5816 	EXP 	window1: recordFrameIntervals = False
215.5555 	EXP 	fixation: autoDraw = True
216.5641 	EXP 	fixation: autoDraw = False
216.5808 	EXP 	grating: autoDraw = True
216.5808 	EXP 	grating: tex = 'sin'
216.8807 	EXP 	grating: autoDraw = False
217.0172 	EXP 	window1: recordFrameIntervals = False
217.0184 	DATA 	Keypress: right
217.0307 	EXP 	fixation: autoDraw = False
217.0307 	EXP 	grating: autoDraw = False
217.0310 	EXP 	window1: recordFrameIntervals = False
218.0059 	EXP 	fixation: autoDraw = True
219.0136 	EXP 	fixation: autoDraw = False
219.0304 	EXP 	grating: autoDraw = True
219.0304 	EXP 	grating: tex = 'sin'
219.3305 	EXP 	grating: autoDraw = False
219.3488 	EXP 	window1: recordFrameIntervals = False
219.3496 	DATA 	Keypress: left
219.3636 	EXP 	fixation: autoDraw = False
219.3636 	EXP 	grating: autoDraw = False
219.3640 	EXP 	window1: recordFrameIntervals = False
220.3375 	EXP 	fixation: autoDraw = True
221.3466 	EXP 	fixation: autoDraw = False
221.3635 	EXP 	grating: autoDraw = True
221.3635 	EXP 	grating: tex = 'sin'
221.6634 	EXP 	grating: autoDraw = False
221.7817 	EXP 	window1: recordFrameIntervals = False
221.7824 	DATA 	Keypress: right
221.7966 	EXP 	fixation: autoDraw = False
221.7966 	EXP 	grating: autoDraw = False
221.7970 	EXP 	window1: recordFrameIntervals = False
222.7709 	EXP 	fixation: autoDraw = True
223.7799 	EXP 	fixation: autoDraw = False
223.7964 	EXP 	grating: autoDraw = True
223.7964 	EXP 	grating: tex = 'sin'
224.0963 	EXP 	grating: autoDraw = False
224.3480 	EXP 	window1: recordFrameIntervals = False
224.3488 	DATA 	Keypress: left
224.3630 	EXP 	fixation: autoDraw = False
224.3630 	EXP 	grating: autoDraw = False
224.3633 	EXP 	window1: recordFrameIntervals = False
225.3364 	EXP 	fixation: autoDraw = True
226.3467 	EXP 	fixation: autoDraw = False
226.3628 	EXP 	grating: autoDraw = True
226.3628 	EXP 	grating: tex = 'sin'
226.6628 	EXP 	grating: autoDraw = False
226.9478 	EXP 	window1: recordFrameIntervals = False
226.9485 	DATA 	Keypress: left
226.9625 	EXP 	fixation: autoDraw = False
226.9625 	EXP 	grating: autoDraw = False
226.9628 	EXP 	window1: recordFrameIntervals = False
227.9359 	EXP 	fixation: autoDraw = True
228.9457 	EXP 	fixation: autoDraw = False
228.9626 	EXP 	grating: autoDraw = True
228.9626 	EXP 	grating: tex = 'sin'
229.2624 	EXP 	grating: autoDraw = False
229.4320 	EXP 	window1: recordFrameIntervals = False
229.4334 	DATA 	Keypress: left
229.4459 	EXP 	fixation: autoDraw = False
229.4459 	EXP 	grating: autoDraw = False
229.4462 	EXP 	window1: recordFrameIntervals = False
230.4216 	EXP 	fixation: autoDraw = True
231.4288 	EXP 	fixation: autoDraw = False
231.4458 	EXP 	grating: autoDraw = True
231.4458 	EXP 	grating: tex = 'sin'
231.7458 	EXP 	grating: autoDraw = False
231.8142 	EXP 	window1: recordFrameIntervals = False
231.8151 	DATA 	Keypress: left
231.8289 	EXP 	fixation: autoDraw = False
231.8289 	EXP 	grating: autoDraw = False
231.8293 	EXP 	window1: recordFrameIntervals = False
232.8023 	EXP 	fixation: autoDraw = True
233.8117 	EXP 	fixation: autoDraw = False
233.8288 	EXP 	grating: autoDraw = True
233.8288 	EXP 	grating: tex = 'sin'
234.1287 	EXP 	grating: autoDraw = False
234.2472 	EXP 	window1: recordFrameIntervals = False
234.2481 	DATA 	Keypress: left
234.2619 	EXP 	fixation: autoDraw = False
234.2619 	EXP 	grating: autoDraw = False
234.2622 	EXP 	window1: recordFrameIntervals = False
235.2359 	EXP 	fixation: autoDraw = True
236.2448 	EXP 	fixation: autoDraw = False
236.2617 	EXP 	grating: autoDraw = True
236.2617 	EXP 	grating: tex = 'sin'
236.5614 	EXP 	grating: autoDraw = False
236.6464 	EXP 	window1: recordFrameIntervals = False
236.6472 	DATA 	Keypress: left
236.6614 	EXP 	fixation: autoDraw = False
236.6614 	EXP 	grating: autoDraw = False
236.6617 	EXP 	window1: recordFrameIntervals = False
237.6355 	EXP 	fixation: autoDraw = True
238.6446 	EXP 	fixation: autoDraw = False
238.6615 	EXP 	grating: autoDraw = True
238.6615 	EXP 	grating: tex = 'sin'
238.9616 	EXP 	grating: autoDraw = False
239.0472 	EXP 	window1: recordFrameIntervals = False
239.0480 	DATA 	Keypress: left
239.0611 	EXP 	fixation: autoDraw = False
239.0611 	EXP 	grating: autoDraw = False
239.0614 	EXP 	window1: recordFrameIntervals = False
240.0357 	EXP 	fixation: autoDraw = True
241.0441 	EXP 	fixation: autoDraw = False
241.0610 	EXP 	grating: autoDraw = True
241.0610 	EXP 	grating: tex = 'sin'
241.3609 	EXP 	grating: autoDraw = False
241.6461 	EXP 	window1: recordFrameIntervals = False
241.6470 	DATA 	Keypress: right
241.6607 	EXP 	fixation: autoDraw = False
241.6607 	EXP 	grating: autoDraw = False
241.6609 	EXP 	window1: recordFrameIntervals = False
242.6344 	EXP 	fixation: autoDraw = True
243.6438 	EXP 	fixation: autoDraw = False
243.6608 	EXP 	grating: autoDraw = True
243.6608 	EXP 	grating: tex = 'sin'
243.9608 	EXP 	grating: autoDraw = False
244.1292 	EXP 	window1: recordFrameIntervals = False
244.1301 	DATA 	Keypress: left
244.1439 	EXP 	fixation: autoDraw = False
244.1439 	EXP 	grating: autoDraw = False
244.1442 	EXP 	window1: recordFrameIntervals = False
245.1175 	EXP 	fixation: autoDraw = True
246.1266 	EXP 	fixation: autoDraw = False
246.1458 	EXP 	grating: autoDraw = True
246.1458 	EXP 	grating: tex = 'sin'
246.4604 	EXP 	grating: autoDraw = False
246.5966 	EXP 	window1: recordFrameIntervals = False
246.5979 	DATA 	Keypress: right
246.6104 	EXP 	fixation: autoDraw = False
246.6104 	EXP 	grating: autoDraw = False
246.6106 	EXP 	window1: recordFrameIntervals = False
247.5854 	EXP 	fixation: autoDraw = True
248.5936 	EXP 	fixation: autoDraw = False
248.6102 	EXP 	grating: autoDraw = True
248.6102 	EXP 	grating: tex = 'sin'
248.9103 	EXP 	grating: autoDraw = False
249.0127 	EXP 	window1: recordFrameIntervals = False
249.0142 	DATA 	Keypress: left
249.0267 	EXP 	fixation: autoDraw = False
249.0267 	EXP 	grating: autoDraw = False
249.0270 	EXP 	window1: recordFrameIntervals = False
250.0022 	EXP 	fixation: autoDraw = True
251.0100 	EXP 	fixation: autoDraw = False
251.0266 	EXP 	grating: autoDraw = True
251.0266 	EXP 	grating: tex = 'sin'
251.3265 	EXP 	grating: autoDraw = False
251.4968 	EXP 	window1: recordFrameIntervals = False
251.4982 	DATA 	Keypress: right
251.5097 	EXP 	fixation: autoDraw = False
251.5097 	EXP 	grating: autoDraw = False
251.5100 	EXP 	window1: recordFrameIntervals = False
252.4853 	EXP 	fixation: autoDraw = True
253.4926 	EXP 	fixation: autoDraw = False
253.5094 	EXP 	grating: autoDraw = True
253.5094 	EXP 	grating: tex = 'sin'
253.8094 	EXP 	grating: autoDraw = False
253.8625 	EXP 	window1: recordFrameIntervals = False
253.8638 	DATA 	Keypress: left
253.8763 	EXP 	fixation: autoDraw = False
253.8763 	EXP 	grating: autoDraw = False
253.8767 	EXP 	window1: recordFrameIntervals = False
254.8505 	EXP 	fixation: autoDraw = True
255.8592 	EXP 	fixation: autoDraw = False
255.8757 	EXP 	grating: autoDraw = True
255.8757 	EXP 	grating: tex = 'sin'
256.1758 	EXP 	grating: autoDraw = False
260.1960 	DATA 	Keypress: left
260.2089 	EXP 	fixation: autoDraw = False
260.2089 	EXP 	grating: autoDraw = False
260.3997 	EXP 	window1: mouseVisible = True
